[2025-11-28 00:27:43] CONTAINER_PICKUP: notpleizzz | CHEST | d8f82259-dc00-409a-a1a5-a5ffe68ad16b | world:236,69,-502
[2025-11-28 00:27:49] ENTITY_PICKUP: notpleizzz | HORSE | world:231,71,-487
[2025-11-28 00:27:59] ENTITY_DROP: notpleizzz | HORSE | world:276,69,-492
[2025-11-28 00:27:59] ENTITY_PICKUP: notpleizzz | HORSE | world:275,68,-499
[2025-11-28 00:28:01] ENTITY_DROP: notpleizzz | HORSE | world:273,68,-504
[2025-11-28 00:28:05] ENTITY_PICKUP: notpleizzz | COW | world:255,69,-507
[2025-11-28 00:28:09] ENTITY_DROP: notpleizzz | COW | world:243,69,-506
[2025-11-28 00:28:12] CONTAINER_PICKUP: notpleizzz | CHEST | ea9ef3e3-08c7-4bdb-9d41-df59f96b608c | world:225,69,-503
[2025-11-28 00:28:28] ENTITY_PICKUP: notpleizzz | COW | world:252,67,-507
[2025-11-28 00:28:31] ENTITY_DROP: notpleizzz | COW | world:267,68,-510
[2025-11-28 00:28:42] ENTITY_PICKUP: notpleizzz | PIG | world:303,66,-472
[2025-11-28 00:28:55] ENTITY_DROP: notpleizzz | PIG | world:242,69,-519
[2025-11-28 00:29:37] ENTITY_PICKUP: notpleizzz | PIG | world:257,69,-503
[2025-11-28 00:29:38] ENTITY_DROP: notpleizzz | PIG | world:254,68,-504
[2025-11-28 00:29:42] ENTITY_PICKUP: notpleizzz | PIG | world:254,67,-504
[2025-11-28 00:29:46] ENTITY_DROP: notpleizzz | PIG | world:242,68,-489
[2025-11-28 00:42:30] ENTITY_PICKUP: .notpleizzz5094 | ZOMBIE | world:-23,67,-80
[2025-11-28 00:42:36] ENTITY_DROP: .notpleizzz5094 | ZOMBIE | world:4,69,-78
[2025-11-28 00:42:58] ENTITY_PICKUP: .notpleizzz5094 | CREEPER | world:-31,68,-102
[2025-11-28 00:43:07] ENTITY_DROP: .notpleizzz5094 | CREEPER | world:-48,66,-105
[2025-11-28 00:43:45] ENTITY_PICKUP: .notpleizzz5094 | CREEPER | world:-70,65,-125
[2025-11-28 00:43:45] ENTITY_DROP: .notpleizzz5094 | CREEPER | world:-72,65,-125
[2025-12-01 01:42:12] ENTITY_PICKUP: notpleizzz | ZOMBIE | world:186,71,-529
[2025-12-01 01:42:19] ENTITY_DROP: notpleizzz | ZOMBIE | world:179,71,-527
[2025-12-01 01:42:20] ENTITY_PICKUP: notpleizzz | ZOMBIE | world:181,71,-527
[2025-12-01 01:42:20] ENTITY_DROP: notpleizzz | ZOMBIE | world:178,71,-528
[2025-12-01 01:42:23] ENTITY_PICKUP: notpleizzz | ZOMBIE | world:183,71,-528
[2025-12-01 01:42:24] ENTITY_DROP: notpleizzz | ZOMBIE | world:182,70,-533
[2025-12-01 01:46:10] ENTITY_PICKUP: notpleizzz | ZOMBIE | world:239,69,-507
[2025-12-01 01:46:17] ENTITY_DROP: notpleizzz | ZOMBIE | world:237,70,-507
